make all --print-data-base --no-builtin-variables --no-builtin-rules --question
# GNU Make 3.81
# Copyright (C) 2006  Free Software Foundation, Inc.
# This is free software; see the source for copying conditions.
# There is NO warranty; not even for MERCHANTABILITY or FITNESS FOR A
# PARTICULAR PURPOSE.

# This program built for i386-apple-darwin11.3.0

# Make data base, printed on Wed Jun 15 09:18:44 2022

# Variables

# automatic
<D = $(patsubst %/,%,$(dir $<))
# automatic
?F = $(notdir $?)
# environment
LC_CTYPE = en_US.UTF-8
# environment
VSCODE_LOG_NATIVE = false
# automatic
?D = $(patsubst %/,%,$(dir $?))
# automatic
@D = $(patsubst %/,%,$(dir $@))
# automatic
@F = $(notdir $@)
# makefile
CURDIR := /Users/TomasFerraz/Desktop/the-java-path/AvajLauncher
# makefile
SHELL = /bin/sh
# environment
VSCODE_NLS_CONFIG = {"locale":"pt-br","availableLanguages":{"*":"pt-br"},"_languagePackId":"74ce6549a467d1dfaba55fb5394742c9.pt-br","_translationsConfigFile":"/Users/TomasFerraz/Library/Application Support/Code/clp/74ce6549a467d1dfaba55fb5394742c9.pt-br/tcf.json","_cacheRoot":"/Users/TomasFerraz/Library/Application Support/Code/clp/74ce6549a467d1dfaba55fb5394742c9.pt-br","_resolvedLanguagePackCoreLocation":"/Users/TomasFerraz/Library/Application Support/Code/clp/74ce6549a467d1dfaba55fb5394742c9.pt-br/4af164ea3a06f701fe3e89a2bcbb421d2026b68f","_corruptedFile":"/Users/TomasFerraz/Library/Application Support/Code/clp/74ce6549a467d1dfaba55fb5394742c9.pt-br/corrupted.info","_languagePackSupport":true}
# environment
_ = /usr/bin/make
# makefile (from `Makefile', line 1)
MAKEFILE_LIST :=  Makefile
# environment
VSCODE_VERBOSE_LOGGING = true
# environment
VSCODE_IPC_HOOK_EXTHOST = /var/folders/xx/pw_9p7q12m1f47gt839qbytm0000gn/T/vscode-ipc-2803fac0-ff87-4e04-8e27-59b61723feb2.sock
# environment
VSCODE_CWD = /
# environment
Apple_PubSub_Socket_Render = /private/tmp/com.apple.launchd.vKhK3guzQn/Render
# environment
PATH = /usr/local/bin:/usr/bin:/bin:/usr/sbin:/sbin:/opt/X11/bin:/Library/Frameworks/Mono.framework/Versions/Current/Commands:/Library/TeX/texbin
# environment
LSCOLORS = hxfxcxdxfxegedabagacad
# makefile (from `Makefile', line 9)
CLSS = ${SRCS:.java=.class}
# environment
VSCODE_LOG_STACK = false
# environment
ELECTRON_RUN_AS_NODE = 1
# default
.FEATURES := target-specific order-only second-expansion else-if archives jobserver check-symlink
# makefile (from `Makefile', line 2)
DIR = srcs/
# environment
SSH_AUTH_SOCK = /private/tmp/com.apple.launchd.J8W9cJJSoc/Listeners
# automatic
%F = $(notdir $%)
# environment
DISPLAY = /private/tmp/com.apple.launchd.k68ulqFODA/org.macosforge.xquartz:0
# environment
VSCODE_PIPE_LOGGING = true
# environment
PWD = /Users/TomasFerraz/Desktop/the-java-path/AvajLauncher
# environment
ORIGINAL_XDG_CURRENT_DESKTOP = undefined
# environment
VSCODE_AMD_ENTRYPOINT = vs/workbench/api/node/extensionHostProcess
# environment
HOME = /Users/TomasFerraz
# default
MAKEFILEPATH = $(shell /usr/bin/xcode-select -print-path 2>/dev/null || echo /Developer)/Makefiles
# environment
VSCODE_CODE_CACHE_PATH = /Users/TomasFerraz/Library/Application Support/Code/CachedData/4af164ea3a06f701fe3e89a2bcbb421d2026b68f
# environment
LOGNAME = TomasFerraz
# environment
APPLICATION_INSIGHTS_NO_DIAGNOSTIC_CHANNEL = 1
# environment
VSCODE_HANDLES_UNCAUGHT_ERRORS = true
# automatic
^D = $(patsubst %/,%,$(dir $^))
# environment
XPC_FLAGS = 0x0
# default
MAKE = $(MAKE_COMMAND)
# default
MAKECMDGOALS := all
# makefile (from `Makefile', line 7)
SRCS = $(addprefix ${DIR}, ${FILES})
# environment
SHLVL = 2
# default
MAKE_VERSION := 3.81
# environment
USER = TomasFerraz
# makefile
.DEFAULT_GOAL := all
# automatic
%D = $(patsubst %/,%,$(dir $%))
# default
MAKE_COMMAND := /Library/Developer/CommandLineTools/usr/bin/make
# default
.VARIABLES := 
# environment
TMPDIR = /var/folders/xx/pw_9p7q12m1f47gt839qbytm0000gn/T/
# automatic
*F = $(notdir $*)
# environment
VSCODE_IPC_HOOK = /Users/TomasFerraz/Library/Application Support/Code/1.68.0-main.sock
# makefile
MAKEFLAGS = Rrqp
# environment
MFLAGS = -Rrqp
# automatic
*D = $(patsubst %/,%,$(dir $*))
# environment
XPC_SERVICE_NAME = com.microsoft.VSCode.168076
# automatic
+D = $(patsubst %/,%,$(dir $+))
# automatic
+F = $(notdir $+)
# environment
__CF_USER_TEXT_ENCODING = 0x1F5:0x0:0x47
# default
MAKEFILES := 
# automatic
<F = $(notdir $<)
# environment
LC_ALL = C
# automatic
^F = $(notdir $^)
# default
SUFFIXES := 
# default
.INCLUDE_DIRS = /usr/local/include
# environment
MAKELEVEL := 0
# environment
LANG = C
# environment
VSCODE_PID = 851
# makefile (from `Makefile', line 4)
FILES = Main.java Aircraft.java Ballon.java Flyable.java Helicopter.java JetPlane.java Coordinates.java
# variable set hash-table stats:
# Load=68/1024=7%, Rehash=0, Collisions=1/98=1%

# Pattern-specific Variable Values

# No pattern-specific variable values.

# Directories

# . (device 16777220, inode 12955425454): 8 files, no impossibilities.
# srcs (device 16777220, inode 12955491223): 11 files, no impossibilities so far.

# 19 files, no impossibilities in 2 directories.

# Implicit Rules

%.class: %.java
#  commands to execute (from `Makefile', line 13):
	javac $<
	

# 1 implicit rules, 0 (0.0%) terminal.

# Files

srcs/Main.class: srcs/Main.java
#  Implicit rule search has been done.
#  Implicit/static pattern stem: `srcs/Main'
#  File does not exist.
#  File has been updated.
#  Needs to be updated (-q is set).
# automatic
# @ := srcs/Main.class
# automatic
# % := 
# automatic
# * := srcs/Main
# automatic
# + := srcs/Main.java
# automatic
# | := 
# automatic
# < := srcs/Main.java
# automatic
# ^ := srcs/Main.java
# automatic
# ? := srcs/Main.java
# variable set hash-table stats:
# Load=8/32=25%, Rehash=0, Collisions=1/11=9%
#  commands to execute (from `Makefile', line 13):
	javac $<
	

# Not a target:
srcs/JetPlane.class:
#  Implicit rule search has not been done.
#  Modification time never checked.
#  File has not been updated.

all: srcs/Main.class srcs/Aircraft.class srcs/Ballon.class srcs/Flyable.class srcs/Helicopter.class srcs/JetPlane.class srcs/Coordinates.class
#  Command-line target.
#  Implicit rule search has not been done.
#  File does not exist.
#  File has been updated.
#  Needs to be updated (-q is set).
# variable set hash-table stats:
# Load=0/32=0%, Rehash=0, Collisions=0/2=0%
#  commands to execute (from `Makefile', line 16):
	java -classpath ${DIR} Main
	

# Not a target:
srcs/Helicopter.class:
#  Implicit rule search has not been done.
#  Modification time never checked.
#  File has not been updated.

# Not a target:
srcs/Coordinates.class:
#  Implicit rule search has not been done.
#  Modification time never checked.
#  File has not been updated.

# Not a target:
.SUFFIXES:
#  Implicit rule search has not been done.
#  Modification time never checked.
#  File has not been updated.

# Not a target:
Makefile:
#  Implicit rule search has been done.
#  Last modified 2022-04-29 17:03:47
#  File has been updated.
#  Successfully updated.
# variable set hash-table stats:
# Load=0/32=0%, Rehash=0, Collisions=0/0=0%

# Not a target:
srcs/Main.java:
#  Implicit rule search has been done.
#  Last modified 2022-04-29 16:14:32
#  File has been updated.
#  Successfully updated.
# variable set hash-table stats:
# Load=0/32=0%, Rehash=0, Collisions=0/0=0%

# Not a target:
srcs/Flyable.class:
#  Implicit rule search has not been done.
#  Modification time never checked.
#  File has not been updated.

# Not a target:
.DEFAULT:
#  Implicit rule search has not been done.
#  Modification time never checked.
#  File has not been updated.

# Not a target:
srcs/Aircraft.class:
#  Implicit rule search has not been done.
#  Modification time never checked.
#  File has not been updated.

re: clean all
#  Implicit rule search has not been done.
#  Modification time never checked.
#  File has not been updated.

clean:
#  Implicit rule search has not been done.
#  Modification time never checked.
#  File has not been updated.
#  commands to execute (from `Makefile', line 19):
	rm -fr ${CLSS}
	

# Not a target:
srcs/Ballon.class:
#  Implicit rule search has not been done.
#  Modification time never checked.
#  File has not been updated.

# files hash-table stats:
# Load=14/1024=1%, Rehash=0, Collisions=0/39=0%
 
# VPATH Search Paths

# No `vpath' search paths.

# No general (`VPATH' variable) search path.

# # of strings in strcache: 1
# # of strcache buffers: 1
# strcache size: total = 4096 / max = 4096 / min = 4096 / avg = 4096
# strcache free: total = 4087 / max = 4087 / min = 4087 / avg = 4087

# Finished Make data base on Wed Jun 15 09:18:44 2022

 
